addtask.gif
alphab_sort.png
alphab_sort_gray.png
backward.gif
bar_mode.png
bar_mode_selected.gif
bullet.gif
check_disabled_selected.gif
check_selected.gif
copy.gif
cut.gif
delete.gif
export.gif
eye_16x16.gif
failed.gif
forward.gif
group.gif
help.gif
home.gif
import.gif
insert.gif
open.gif
passed.gif
paste.gif
pie_mode.png
pie_mode_selected.gif
print.gif
redo.gif
refresh.gif
save_edit.gif
saveas_edit.gif
search.gif
size_sort.png
size_sort_gray.png
synchronize.gif
table_mode.png
table_mode_selected.gif
toback.gif
tofront.gif
undo.gif
ungroup.gif
write_obj.gif
write_obj_disabled.gif
